<?xml version="1.0" encoding="UTF-8"?>
<!-- Generated by org.testng.reporters.JUnitReportReporter -->
<testsuite skipped="0" hostname="lenovo-PC" name="com.FreeCRM.tests.ContactsPageTest" tests="4" failures="0" timestamp="27 Jan 2018 05:13:00 GMT" time="9.781" errors="0">
  <testcase name="validateName" time="2.450" classname="com.FreeCRM.tests.ContactsPageTest"/>
  <testcase name="validateName" time="2.411" classname="com.FreeCRM.tests.ContactsPageTest"/>
  <testcase name="validateName" time="2.456" classname="com.FreeCRM.tests.ContactsPageTest"/>
  <testcase name="validateName" time="2.464" classname="com.FreeCRM.tests.ContactsPageTest"/>
</testsuite> <!-- com.FreeCRM.tests.ContactsPageTest -->
