<?xml version="1.0" encoding="UTF-8"?>
<!-- Generated by org.testng.reporters.JUnitReportReporter -->
<testsuite skipped="0" hostname="lenovo-PC" name="com.FreeCRM.tests.HomePageTest" tests="2" failures="0" timestamp="27 Jan 2018 14:15:38 GMT" time="75.296" errors="0">
  <testcase name="validateLogoText" time="34.744" classname="com.FreeCRM.tests.HomePageTest"/>
  <testcase name="validateUserNameTest" time="40.552" classname="com.FreeCRM.tests.HomePageTest"/>
</testsuite> <!-- com.FreeCRM.tests.HomePageTest -->
